<?xml version="1.0" encoding="UTF-8"?>
<testng-results ignored="0" total="1" passed="1" failed="0" skipped="0">
  <reporter-output>
  </reporter-output>
  <suite started-at="2025-06-07T16:06:47 IST" name="Suite" finished-at="2025-06-07T16:06:55 IST" duration-ms="7973">
    <groups>
    </groups>
    <test started-at="2025-06-07T16:06:47 IST" name="Test" finished-at="2025-06-07T16:06:55 IST" duration-ms="7973">
      <class name="com.seleniumprograms.ImplicitWaitDemo">
        <test-method is-config="true" signature="LaunchApplication()[pri:0, instance:com.seleniumprograms.ImplicitWaitDemo@3febb011]" started-at="2025-06-07T16:06:47 IST" name="LaunchApplication" finished-at="2025-06-07T16:06:54 IST" duration-ms="7368" status="PASS">
          <reporter-output>
          </reporter-output>
        </test-method> <!-- LaunchApplication -->
        <test-method signature="login()[pri:0, instance:com.seleniumprograms.ImplicitWaitDemo@3febb011]" started-at="2025-06-07T16:06:54 IST" name="login" finished-at="2025-06-07T16:06:55 IST" duration-ms="486" status="PASS">
          <reporter-output>
          </reporter-output>
        </test-method> <!-- login -->
      </class> <!-- com.seleniumprograms.ImplicitWaitDemo -->
    </test> <!-- Test -->
  </suite> <!-- Suite -->
</testng-results>
