<?xml version="1.0" encoding="UTF-8"?>
<testng-results ignored="0" total="1" passed="1" failed="0" skipped="0">
  <reporter-output>
  </reporter-output>
  <suite started-at="2024-12-18T18:26:28 IST" name="Suite" finished-at="2024-12-18T18:26:34 IST" duration-ms="5752">
    <groups>
    </groups>
    <test started-at="2024-12-18T18:26:28 IST" name="Test" finished-at="2024-12-18T18:26:34 IST" duration-ms="5752">
      <class name="com.seleniumprograms.ImplicitWaitDemo">
        <test-method is-config="true" signature="LaunchApplication()[pri:0, instance:com.seleniumprograms.ImplicitWaitDemo@6d60fe40]" started-at="2024-12-18T18:26:28 IST" name="LaunchApplication" finished-at="2024-12-18T18:26:34 IST" duration-ms="5484" status="PASS">
          <reporter-output>
          </reporter-output>
        </test-method> <!-- LaunchApplication -->
        <test-method signature="login()[pri:0, instance:com.seleniumprograms.ImplicitWaitDemo@6d60fe40]" started-at="2024-12-18T18:26:34 IST" name="login" finished-at="2024-12-18T18:26:34 IST" duration-ms="198" status="PASS">
          <reporter-output>
          </reporter-output>
        </test-method> <!-- login -->
      </class> <!-- com.seleniumprograms.ImplicitWaitDemo -->
    </test> <!-- Test -->
  </suite> <!-- Suite -->
</testng-results>
